{
  "RSpec": {
    "coverage": {
      "/Users/elizabethsebian/turing/1module/projects/headcount2/test/parser_test.rb": [
        1,
        1,
        1,
        null,
        1,
        null,
        1,
        null,
        1,
        null,
        null,
        null,
        null
      ],
      "/Users/elizabethsebian/turing/1module/projects/headcount2/test/test_helper.rb": [
        1,
        1,
        1,
        1
      ]
    },
    "timestamp": 1447521934
  },
  "Unit Tests": {
    "coverage": {
      "/Users/elizabethsebian/turing/1module/projects/headcount2/lib/master_parser.rb": [
        1,
        null,
        1,
        null,
        1,
        1,
        1,
        34,
        null,
        1,
        null,
        null,
        1,
        1,
        1,
        34,
        null,
        1,
        null,
        null,
        1,
        1,
        1,
        34,
        null,
        1,
        null,
        null,
        null,
        null,
        null,
        null,
        null,
        null,
        null,
        null,
        null,
        null,
        null,
        null,
        null,
        null,
        null,
        null,
        null,
        null,
        null,
        1,
        1,
        null,
        1,
        34,
        null,
        5,
        null,
        1,
        1,
        null,
        null,
        4,
        null,
        null,
        null,
        1,
        null,
        null,
        null,
        null,
        null,
        null,
        null,
        null,
        null,
        null,
        null,
        null,
        null,
        null,
        null,
        1,
        0,
        null,
        0,
        null,
        null,
        null
      ],
      "/Users/elizabethsebian/turing/1module/projects/headcount2/lib/file_io.rb": [
        1,
        1,
        null,
        1,
        null,
        1,
        4,
        4,
        null,
        null,
        null
      ],
      "/Users/elizabethsebian/turing/1module/projects/headcount2/lib/parser.rb": [
        1,
        1,
        1,
        1,
        null,
        1,
        1,
        null,
        1,
        0,
        0,
        null,
        0,
        null,
        null,
        1,
        0,
        0,
        0,
        null,
        null,
        0,
        null,
        null,
        null,
        null,
        1,
        0,
        0,
        null,
        null,
        1,
        0,
        null,
        null
      ],
      "/Users/elizabethsebian/turing/1module/projects/headcount2/lib/enrollment_repository.rb": [
        1,
        1,
        1,
        1,
        1,
        null,
        1,
        1,
        null,
        1,
        0,
        0,
        0,
        0,
        null,
        0,
        null,
        null,
        1,
        0,
        null,
        0,
        0,
        null,
        0,
        null,
        null,
        null,
        1,
        0,
        0,
        null,
        null,
        null
      ],
      "/Users/elizabethsebian/turing/1module/projects/headcount2/lib/enrollment.rb": [
        1,
        null,
        1,
        1,
        null,
        1,
        0,
        null,
        null,
        1,
        0,
        null,
        null,
        1,
        0,
        null,
        null
      ]
    },
    "timestamp": 1447369114
  }
}
