{
  "RSpec": {
    "coverage": {
      "/Users/elizabethsebian/turing/1module/projects/headcount2/lib/master_parser.rb": [
        null,
        1,
        null,
        1,
        1,
        null,
        null,
        null,
        null,
        null,
        null,
        null,
        null,
        null
      ],
      "/Users/elizabethsebian/turing/1module/projects/headcount2/test/parser_test.rb": [
        1,
        1,
        1,
        null,
        1,
        null,
        1,
        null,
        1,
        null,
        null,
        null,
        null
      ],
      "/Users/elizabethsebian/turing/1module/projects/headcount2/test/test_helper.rb": [
        1,
        1,
        1,
        1
      ]
    },
    "timestamp": 1447355474
  },
  "Unit Tests": {
    "coverage": {
      "/Users/elizabethsebian/turing/1module/projects/headcount2/lib/master_parser.rb": [
        null,
        1,
        null,
        1,
        1,
        null,
        null,
        null,
        null,
        null,
        null,
        null,
        null,
        null
      ],
      "/Users/elizabethsebian/turing/1module/projects/headcount2/lib/file_io.rb": [
        1,
        null,
        1,
        null,
        1,
        1,
        1,
        null,
        null,
        null
      ]
    },
    "timestamp": 1447355468
  }
}
